12-24 19:28:14 [info] [FFmpeg] 检查 Native Addon 可用性...
12-24 19:28:14 [info] [FFmpeg] ✓ 使用 Native Addon 适配器
12-24 19:28:14 [info] [StdOut] 已重定向到命名管道: \\.\pipe\NapCat_42260
12-24 19:28:14 [info] [QQ版本兼容性检测] 当前版本Appid未内置 通过Major获取 为了更好的性能请尝试更新NapCat
12-24 19:28:14 [info] [PacketHandler] 加载成功
12-24 19:28:14 [warn] NativePacketClient: 未找到对应版本的偏移数据: 9.9.25-42941-x64
12-24 19:28:14 [info] [NapCat] [Core] NapCat.Core Version: 4.9.80
12-24 19:28:14 [info] [NapCat] [WebUi] WebUi Token: 885ba13af97c
12-24 19:28:14 [info] [NapCat] [WebUi] WebUi User Panel Url: http://127.0.0.1:6099/webui?token=885ba13af97c
12-24 19:28:14 [info] [NapCat] [WebUi] WebUi User Panel Url: http://0.0.0.0:6099/webui?token=885ba13af97c
12-24 19:28:14 [info] 等待网络连接...
12-24 19:28:15 [info] 网络已连接
12-24 19:28:15 [info] 没有 -q 指令指定快速登录，将使用二维码登录方式
12-24 19:28:15 [info] 可用于快速登录的 QQ：
1. 1355315664 你的电脑
2. 3053788286 喪心病狂
12-24 19:28:15 [warn] 请扫描下面的二维码，然后在手Q上授权登录：
12-24 19:28:15 [warn] 

▄▄▄▄▄▄▄▄▄▄▄▄▄▄▄▄▄▄▄▄▄▄▄▄▄▄▄▄▄▄▄▄▄▄▄
█ ▄▄▄▄▄ █▄▄███▀▄█▀███ █▀▀██ ▄▄▄▄▄ █
█ █   █ █ ▀█ ▄ █▀ ▀ █▀█▄▄▄█ █   █ █
█ █▄▄▄█ █▄ ▄▄▀▀█▄█▀█ ▄▀ ▄▄█ █▄▄▄█ █
█▄▄▄▄▄▄▄█▄▀▄▀▄█ █ ▀▄█▄█ █ █▄▄▄▄▄▄▄█
█ ▄ ▄██▄▀ ▀████▀▄█▄█▄   ▀█▄▀█▄▄ ▀ █
██ █▄▄█▄█▀██▀▀▀▄▀█▄▀▀█▄█▄██ ▀▄█▄ ▄█
█▄ ▀█▄ ▄▀ ▄▀ █▄█ ▀▀▀▀█  ██▄█▄▄ ▀▀██
█ ▄▄▀ █▄▀ █▄█ ▄██ ▄█ ▀▀ █▄▀  ▄█ ███
█▄▄▄ ▀█▄ ▀██▄▀  ▀▀▀ ██ ▄▀▀      ▄ █
█ ▀██▀▀▄▄ ▀█▄ █▀ █▀ ██▄█▀▀  ██ █▄▀█
█ █▀▄█▀▄▀█▄▀▄ █▀▄▀   ▀██  ▄▀▄█▀▄▀▀█
██▀█  █▄█▄█ ▄▄▀ █▄█▄▀ ▄  ▄▄▀▀▄▀▄ ▄█
█▄█▄█▄█▄▄ ▀▄▀ ▄█▄ ▄█▀ █   ▄▄▄ ▄██▄█
█ ▄▄▄▄▄ ██▄█ ██▄█ ▄▄▄▄▀▀  █▄█ ▀▀███
█ █   █ █▀▄ ██  ▀█ ▄ ▀ █  ▄▄▄▄█  ▄█
█ █▄▄▄█ █   ▀ █▀ █  █▀▄█▄▀▄ ▄▀█▄▄▀█
█▄▄▄▄▄▄▄█▄█▄█▄███▄▄▄██████▄███▄▄███

二维码解码URL: https://txz.qq.com/p?k=m0fVL33YxNu8HY4d6aT2S*1SynoKbfUz&f=1600001604
如果控制台二维码无法扫码，可以复制解码url到二维码生成网站生成二维码再扫码，也可以打开下方的二维码路径图片进行扫码。
12-24 19:28:15 [warn] 二维码已保存到 C:\Users\1\Desktop\qq\NapCat-QCE-Windows-x64\cache\qrcode.png
